c:\users\asus\documents\visual studio 2013\projects\hash\hash\x64\release\sha1.obj
c:\users\asus\documents\visual studio 2013\projects\hash\hash\x64\release\md5.obj
c:\users\asus\documents\visual studio 2013\projects\hash\hash\x64\release\main.obj
c:\users\asus\documents\visual studio 2013\projects\hash\hash\x64\release\hash.obj
c:\users\asus\documents\visual studio 2013\projects\hash\hash\x64\release\moc_hash.obj
c:\users\asus\documents\visual studio 2013\projects\hash\hash\x64\release\qrc_hash.obj
c:\users\asus\documents\visual studio 2013\projects\hash\hash\generatedfiles\qrc_hash.cpp
c:\users\asus\documents\visual studio 2013\projects\hash\hash\generatedfiles\release\moc_hash.cpp
c:\users\asus\documents\visual studio 2013\projects\hash\hash\generatedfiles\ui_hash.h
c:\users\asus\documents\visual studio 2013\projects\hash\x64\release\hash.ilk
c:\users\asus\documents\visual studio 2013\projects\hash\x64\release\hash.exe
c:\users\asus\documents\visual studio 2013\projects\hash\x64\release\hash.pdb
c:\users\asus\documents\visual studio 2013\projects\hash\hash\x64\release\hash.res
c:\users\asus\documents\visual studio 2013\projects\hash\hash\x64\release\hash.tlog\cl.command.1.tlog
c:\users\asus\documents\visual studio 2013\projects\hash\hash\x64\release\hash.tlog\cl.read.1.tlog
c:\users\asus\documents\visual studio 2013\projects\hash\hash\x64\release\hash.tlog\cl.write.1.tlog
c:\users\asus\documents\visual studio 2013\projects\hash\hash\x64\release\hash.tlog\custombuild.command.1.tlog
c:\users\asus\documents\visual studio 2013\projects\hash\hash\x64\release\hash.tlog\custombuild.read.1.tlog
c:\users\asus\documents\visual studio 2013\projects\hash\hash\x64\release\hash.tlog\custombuild.write.1.tlog
c:\users\asus\documents\visual studio 2013\projects\hash\hash\x64\release\hash.tlog\link.command.1.tlog
c:\users\asus\documents\visual studio 2013\projects\hash\hash\x64\release\hash.tlog\link.read.1.tlog
c:\users\asus\documents\visual studio 2013\projects\hash\hash\x64\release\hash.tlog\link.write.1.tlog
c:\users\asus\documents\visual studio 2013\projects\hash\hash\x64\release\hash.tlog\rc.command.1.tlog
c:\users\asus\documents\visual studio 2013\projects\hash\hash\x64\release\hash.tlog\rc.read.1.tlog
c:\users\asus\documents\visual studio 2013\projects\hash\hash\x64\release\hash.tlog\rc.write.1.tlog
