c:\users\asus\documents\visual studio 2013\projects\hash\hash\x64\debug\vc120.pdb
c:\users\asus\documents\visual studio 2013\projects\hash\hash\x64\debug\md5.obj
c:\users\asus\documents\visual studio 2013\projects\hash\hash\x64\debug\main.obj
c:\users\asus\documents\visual studio 2013\projects\hash\hash\x64\debug\hash.obj
c:\users\asus\documents\visual studio 2013\projects\hash\hash\x64\debug\moc_hash.obj
c:\users\asus\documents\visual studio 2013\projects\hash\hash\x64\debug\qrc_hash.obj
c:\users\asus\documents\visual studio 2013\projects\hash\hash\generatedfiles\ui_hash.h
c:\users\asus\documents\visual studio 2013\projects\hash\hash\generatedfiles\qrc_hash.cpp
c:\users\asus\documents\visual studio 2013\projects\hash\hash\generatedfiles\debug\moc_hash.cpp
c:\users\asus\documents\visual studio 2013\projects\hash\x64\debug\hash.ilk
c:\users\asus\documents\visual studio 2013\projects\hash\x64\debug\hash.exe
c:\users\asus\documents\visual studio 2013\projects\hash\x64\debug\hash.pdb
c:\users\asus\documents\visual studio 2013\projects\hash\hash\x64\debug\hash.tlog\cl.command.1.tlog
c:\users\asus\documents\visual studio 2013\projects\hash\hash\x64\debug\hash.tlog\cl.read.1.tlog
c:\users\asus\documents\visual studio 2013\projects\hash\hash\x64\debug\hash.tlog\cl.write.1.tlog
c:\users\asus\documents\visual studio 2013\projects\hash\hash\x64\debug\hash.tlog\custombuild.command.1.tlog
c:\users\asus\documents\visual studio 2013\projects\hash\hash\x64\debug\hash.tlog\custombuild.read.1.tlog
c:\users\asus\documents\visual studio 2013\projects\hash\hash\x64\debug\hash.tlog\custombuild.write.1.tlog
c:\users\asus\documents\visual studio 2013\projects\hash\hash\x64\debug\hash.tlog\link.command.1.tlog
c:\users\asus\documents\visual studio 2013\projects\hash\hash\x64\debug\hash.tlog\link.read.1.tlog
c:\users\asus\documents\visual studio 2013\projects\hash\hash\x64\debug\hash.tlog\link.write.1.tlog
